{"C:\\Users\\user\\Desktop\\barimt bicig\\hope-on\\test\\playwright.config.ts": {"path":"C:\\Users\\user\\Desktop\\barimt bicig\\hope-on\\test\\playwright.config.ts","statementMap":{"0":{"start":{"line":1,"column":0},"end":{"line":1,"column":57}},"1":{"start":{"line":8,"column":0},"end":{"line":58,"column":3}}},"fnMap":{},"branchMap":{"0":{"loc":{"start":{"line":12,"column":11},"end":{"line":12,"column":33}},"type":"cond-expr","locations":[{"start":{"line":12,"column":28},"end":{"line":12,"column":29}},{"start":{"line":12,"column":32},"end":{"line":12,"column":33}}]},"1":{"loc":{"start":{"line":13,"column":11},"end":{"line":13,"column":41}},"type":"cond-expr","locations":[{"start":{"line":13,"column":28},"end":{"line":13,"column":29}},{"start":{"line":13,"column":32},"end":{"line":13,"column":41}}]},"2":{"loc":{"start":{"line":20,"column":13},"end":{"line":20,"column":60}},"type":"binary-expr","locations":[{"start":{"line":20,"column":13},"end":{"line":20,"column":33}},{"start":{"line":20,"column":37},"end":{"line":20,"column":60}}]},"3":{"loc":{"start":{"line":50,"column":13},"end":{"line":57,"column":null}},"type":"cond-expr","locations":[{"start":{"line":51,"column":6},"end":{"line":51,"column":15}},{"start":{"line":52,"column":6},"end":{"line":57,"column":null}}]}},"s":{"0":0,"1":0},"f":{},"b":{"0":[0,0],"1":[0,0],"2":[0,0],"3":[0,0]}}
}
